<?xml version="1.0" encoding="UTF-8"?>
<testsuite xmlns:xsi="http://www.w3.org/2001/XMLSchema-instance" xsi:noNamespaceSchemaLocation="https://maven.apache.org/surefire/maven-surefire-plugin/xsd/surefire-test-report-3.0.xsd" version="3.0" name="testRunner.CalculatorRunnerTest" time="30.422" tests="1" errors="0" skipped="0" failures="0">
  <properties>
    <property name="sun.desktop" value="windows"/>
    <property name="awt.toolkit" value="sun.awt.windows.WToolkit"/>
    <property name="file.encoding.pkg" value="sun.io"/>
    <property name="java.specification.version" value="1.8"/>
    <property name="sun.cpu.isalist" value="amd64"/>
    <property name="sun.jnu.encoding" value="Cp1252"/>
    <property name="java.class.path" value="C:\Users\SamsonOluwashola\eclipseAppium-workspace\sca-automate-mobileApp\target\test-classes;C:\Users\SamsonOluwashola\eclipseAppium-workspace\sca-automate-mobileApp\target\classes;C:\Users\SamsonOluwashola\.m2\repository\io\appium\java-client\7.0.0\java-client-7.0.0.jar;C:\Users\SamsonOluwashola\.m2\repository\org\seleniumhq\selenium\selenium-support\3.141.59\selenium-support-3.141.59.jar;C:\Users\SamsonOluwashola\.m2\repository\org\seleniumhq\selenium\selenium-api\3.141.59\selenium-api-3.141.59.jar;C:\Users\SamsonOluwashola\.m2\repository\com\google\code\gson\gson\2.8.5\gson-2.8.5.jar;C:\Users\SamsonOluwashola\.m2\repository\org\apache\httpcomponents\httpclient\4.5.6\httpclient-4.5.6.jar;C:\Users\SamsonOluwashola\.m2\repository\org\apache\httpcomponents\httpcore\4.4.10\httpcore-4.4.10.jar;C:\Users\SamsonOluwashola\.m2\repository\commons-logging\commons-logging\1.2\commons-logging-1.2.jar;C:\Users\SamsonOluwashola\.m2\repository\commons-codec\commons-codec\1.10\commons-codec-1.10.jar;C:\Users\SamsonOluwashola\.m2\repository\cglib\cglib\3.2.8\cglib-3.2.8.jar;C:\Users\SamsonOluwashola\.m2\repository\org\ow2\asm\asm\6.2.1\asm-6.2.1.jar;C:\Users\SamsonOluwashola\.m2\repository\org\apache\ant\ant\1.10.3\ant-1.10.3.jar;C:\Users\SamsonOluwashola\.m2\repository\org\apache\ant\ant-launcher\1.10.3\ant-launcher-1.10.3.jar;C:\Users\SamsonOluwashola\.m2\repository\commons-validator\commons-validator\1.6\commons-validator-1.6.jar;C:\Users\SamsonOluwashola\.m2\repository\commons-beanutils\commons-beanutils\1.9.2\commons-beanutils-1.9.2.jar;C:\Users\SamsonOluwashola\.m2\repository\commons-digester\commons-digester\1.8.1\commons-digester-1.8.1.jar;C:\Users\SamsonOluwashola\.m2\repository\commons-collections\commons-collections\3.2.2\commons-collections-3.2.2.jar;C:\Users\SamsonOluwashola\.m2\repository\org\apache\commons\commons-lang3\3.8\commons-lang3-3.8.jar;C:\Users\SamsonOluwashola\.m2\repository\commons-io\commons-io\2.6\commons-io-2.6.jar;C:\Users\SamsonOluwashola\.m2\repository\org\springframework\spring-context\5.1.0.RELEASE\spring-context-5.1.0.RELEASE.jar;C:\Users\SamsonOluwashola\.m2\repository\org\springframework\spring-aop\5.1.0.RELEASE\spring-aop-5.1.0.RELEASE.jar;C:\Users\SamsonOluwashola\.m2\repository\org\springframework\spring-beans\5.1.0.RELEASE\spring-beans-5.1.0.RELEASE.jar;C:\Users\SamsonOluwashola\.m2\repository\org\springframework\spring-core\5.1.0.RELEASE\spring-core-5.1.0.RELEASE.jar;C:\Users\SamsonOluwashola\.m2\repository\org\springframework\spring-jcl\5.1.0.RELEASE\spring-jcl-5.1.0.RELEASE.jar;C:\Users\SamsonOluwashola\.m2\repository\org\springframework\spring-expression\5.1.0.RELEASE\spring-expression-5.1.0.RELEASE.jar;C:\Users\SamsonOluwashola\.m2\repository\org\aspectj\aspectjweaver\1.9.1\aspectjweaver-1.9.1.jar;C:\Users\SamsonOluwashola\.m2\repository\org\slf4j\slf4j-api\1.7.25\slf4j-api-1.7.25.jar;C:\Users\SamsonOluwashola\.m2\repository\org\testng\testng\6.9.10\testng-6.9.10.jar;C:\Users\SamsonOluwashola\.m2\repository\com\beust\jcommander\1.48\jcommander-1.48.jar;C:\Users\SamsonOluwashola\.m2\repository\org\beanshell\bsh\2.0b4\bsh-2.0b4.jar;C:\Users\SamsonOluwashola\.m2\repository\org\seleniumhq\selenium\selenium-java\3.141.59\selenium-java-3.141.59.jar;C:\Users\SamsonOluwashola\.m2\repository\org\seleniumhq\selenium\selenium-chrome-driver\3.141.59\selenium-chrome-driver-3.141.59.jar;C:\Users\SamsonOluwashola\.m2\repository\org\seleniumhq\selenium\selenium-edge-driver\3.141.59\selenium-edge-driver-3.141.59.jar;C:\Users\SamsonOluwashola\.m2\repository\org\seleniumhq\selenium\selenium-firefox-driver\3.141.59\selenium-firefox-driver-3.141.59.jar;C:\Users\SamsonOluwashola\.m2\repository\org\seleniumhq\selenium\selenium-ie-driver\3.141.59\selenium-ie-driver-3.141.59.jar;C:\Users\SamsonOluwashola\.m2\repository\org\seleniumhq\selenium\selenium-opera-driver\3.141.59\selenium-opera-driver-3.141.59.jar;C:\Users\SamsonOluwashola\.m2\repository\org\seleniumhq\selenium\selenium-remote-driver\3.141.59\selenium-remote-driver-3.141.59.jar;C:\Users\SamsonOluwashola\.m2\repository\org\seleniumhq\selenium\selenium-safari-driver\3.141.59\selenium-safari-driver-3.141.59.jar;C:\Users\SamsonOluwashola\.m2\repository\net\bytebuddy\byte-buddy\1.8.15\byte-buddy-1.8.15.jar;C:\Users\SamsonOluwashola\.m2\repository\org\apache\commons\commons-exec\1.3\commons-exec-1.3.jar;C:\Users\SamsonOluwashola\.m2\repository\com\google\guava\guava\25.0-jre\guava-25.0-jre.jar;C:\Users\SamsonOluwashola\.m2\repository\com\google\code\findbugs\jsr305\1.3.9\jsr305-1.3.9.jar;C:\Users\SamsonOluwashola\.m2\repository\org\checkerframework\checker-compat-qual\2.0.0\checker-compat-qual-2.0.0.jar;C:\Users\SamsonOluwashola\.m2\repository\com\google\errorprone\error_prone_annotations\2.1.3\error_prone_annotations-2.1.3.jar;C:\Users\SamsonOluwashola\.m2\repository\com\google\j2objc\j2objc-annotations\1.1\j2objc-annotations-1.1.jar;C:\Users\SamsonOluwashola\.m2\repository\org\codehaus\mojo\animal-sniffer-annotations\1.14\animal-sniffer-annotations-1.14.jar;C:\Users\SamsonOluwashola\.m2\repository\com\squareup\okhttp3\okhttp\3.11.0\okhttp-3.11.0.jar;C:\Users\SamsonOluwashola\.m2\repository\com\squareup\okio\okio\1.14.0\okio-1.14.0.jar;C:\Users\SamsonOluwashola\.m2\repository\io\cucumber\cucumber-java\4.5.4\cucumber-java-4.5.4.jar;C:\Users\SamsonOluwashola\.m2\repository\io\cucumber\cucumber-core\4.5.4\cucumber-core-4.5.4.jar;C:\Users\SamsonOluwashola\.m2\repository\io\cucumber\gherkin\5.1.0\gherkin-5.1.0.jar;C:\Users\SamsonOluwashola\.m2\repository\io\cucumber\tag-expressions\1.1.1\tag-expressions-1.1.1.jar;C:\Users\SamsonOluwashola\.m2\repository\io\cucumber\cucumber-expressions\7.0.2\cucumber-expressions-7.0.2.jar;C:\Users\SamsonOluwashola\.m2\repository\io\cucumber\datatable\1.1.14\datatable-1.1.14.jar;C:\Users\SamsonOluwashola\.m2\repository\io\cucumber\datatable-dependencies\1.1.14\datatable-dependencies-1.1.14.jar;C:\Users\SamsonOluwashola\.m2\repository\org\apiguardian\apiguardian-api\1.1.0\apiguardian-api-1.1.0.jar;C:\Users\SamsonOluwashola\.m2\repository\io\cucumber\cucumber-testng\4.5.4\cucumber-testng-4.5.4.jar;C:\Users\SamsonOluwashola\.m2\repository\com\vimalselvam\cucumber-extentsreport\3.1.1\cucumber-extentsreport-3.1.1.jar;C:\Users\SamsonOluwashola\.m2\repository\com\aventstack\extentreports\4.0.9\extentreports-4.0.9.jar;C:\Users\SamsonOluwashola\.m2\repository\org\freemarker\freemarker\2.3.23\freemarker-2.3.23.jar;C:\Users\SamsonOluwashola\.m2\repository\org\mongodb\mongodb-driver\3.3.0\mongodb-driver-3.3.0.jar;C:\Users\SamsonOluwashola\.m2\repository\org\mongodb\mongodb-driver-core\3.3.0\mongodb-driver-core-3.3.0.jar;C:\Users\SamsonOluwashola\.m2\repository\org\mongodb\bson\3.3.0\bson-3.3.0.jar;C:\Users\SamsonOluwashola\.m2\repository\org\apache\httpcomponents\httpmime\4.5.2\httpmime-4.5.2.jar;C:\Users\SamsonOluwashola\.m2\repository\com\relevantcodes\extentreports\2.41.1\extentreports-2.41.1.jar;C:\Users\SamsonOluwashola\.m2\repository\org\jsoup\jsoup\1.8.3\jsoup-1.8.3.jar;C:\Users\SamsonOluwashola\.m2\repository\org\xerial\sqlite-jdbc\3.8.11.1\sqlite-jdbc-3.8.11.1.jar;C:\Users\SamsonOluwashola\.m2\repository\log4j\log4j\1.2.17\log4j-1.2.17.jar;C:\Users\SamsonOluwashola\.m2\repository\info\cukes\gherkin\2.12.2\gherkin-2.12.2.jar;"/>
    <property name="java.vm.vendor" value="Oracle Corporation"/>
    <property name="sun.arch.data.model" value="64"/>
    <property name="user.variant" value=""/>
    <property name="java.vendor.url" value="http://java.oracle.com/"/>
    <property name="user.timezone" value="Europe/London"/>
    <property name="java.vm.specification.version" value="1.8"/>
    <property name="os.name" value="Windows 10"/>
    <property name="user.country" value="GB"/>
    <property name="sun.java.launcher" value="SUN_STANDARD"/>
    <property name="sun.boot.library.path" value="C:\Program Files\Java\jdk1.8.0_171\jre\bin"/>
    <property name="sun.java.command" value="C:\Users\SamsonOluwashola\AppData\Local\Temp\surefire6615424544356737706\surefirebooter74405330033537354.jar C:\Users\SamsonOluwashola\AppData\Local\Temp\surefire6615424544356737706 2019-07-18T06-36-12_708-jvmRun1 surefire2710808839714511854tmp surefire_08237020160578327960tmp"/>
    <property name="surefire.test.class.path" value="C:\Users\SamsonOluwashola\eclipseAppium-workspace\sca-automate-mobileApp\target\test-classes;C:\Users\SamsonOluwashola\eclipseAppium-workspace\sca-automate-mobileApp\target\classes;C:\Users\SamsonOluwashola\.m2\repository\io\appium\java-client\7.0.0\java-client-7.0.0.jar;C:\Users\SamsonOluwashola\.m2\repository\org\seleniumhq\selenium\selenium-support\3.141.59\selenium-support-3.141.59.jar;C:\Users\SamsonOluwashola\.m2\repository\org\seleniumhq\selenium\selenium-api\3.141.59\selenium-api-3.141.59.jar;C:\Users\SamsonOluwashola\.m2\repository\com\google\code\gson\gson\2.8.5\gson-2.8.5.jar;C:\Users\SamsonOluwashola\.m2\repository\org\apache\httpcomponents\httpclient\4.5.6\httpclient-4.5.6.jar;C:\Users\SamsonOluwashola\.m2\repository\org\apache\httpcomponents\httpcore\4.4.10\httpcore-4.4.10.jar;C:\Users\SamsonOluwashola\.m2\repository\commons-logging\commons-logging\1.2\commons-logging-1.2.jar;C:\Users\SamsonOluwashola\.m2\repository\commons-codec\commons-codec\1.10\commons-codec-1.10.jar;C:\Users\SamsonOluwashola\.m2\repository\cglib\cglib\3.2.8\cglib-3.2.8.jar;C:\Users\SamsonOluwashola\.m2\repository\org\ow2\asm\asm\6.2.1\asm-6.2.1.jar;C:\Users\SamsonOluwashola\.m2\repository\org\apache\ant\ant\1.10.3\ant-1.10.3.jar;C:\Users\SamsonOluwashola\.m2\repository\org\apache\ant\ant-launcher\1.10.3\ant-launcher-1.10.3.jar;C:\Users\SamsonOluwashola\.m2\repository\commons-validator\commons-validator\1.6\commons-validator-1.6.jar;C:\Users\SamsonOluwashola\.m2\repository\commons-beanutils\commons-beanutils\1.9.2\commons-beanutils-1.9.2.jar;C:\Users\SamsonOluwashola\.m2\repository\commons-digester\commons-digester\1.8.1\commons-digester-1.8.1.jar;C:\Users\SamsonOluwashola\.m2\repository\commons-collections\commons-collections\3.2.2\commons-collections-3.2.2.jar;C:\Users\SamsonOluwashola\.m2\repository\org\apache\commons\commons-lang3\3.8\commons-lang3-3.8.jar;C:\Users\SamsonOluwashola\.m2\repository\commons-io\commons-io\2.6\commons-io-2.6.jar;C:\Users\SamsonOluwashola\.m2\repository\org\springframework\spring-context\5.1.0.RELEASE\spring-context-5.1.0.RELEASE.jar;C:\Users\SamsonOluwashola\.m2\repository\org\springframework\spring-aop\5.1.0.RELEASE\spring-aop-5.1.0.RELEASE.jar;C:\Users\SamsonOluwashola\.m2\repository\org\springframework\spring-beans\5.1.0.RELEASE\spring-beans-5.1.0.RELEASE.jar;C:\Users\SamsonOluwashola\.m2\repository\org\springframework\spring-core\5.1.0.RELEASE\spring-core-5.1.0.RELEASE.jar;C:\Users\SamsonOluwashola\.m2\repository\org\springframework\spring-jcl\5.1.0.RELEASE\spring-jcl-5.1.0.RELEASE.jar;C:\Users\SamsonOluwashola\.m2\repository\org\springframework\spring-expression\5.1.0.RELEASE\spring-expression-5.1.0.RELEASE.jar;C:\Users\SamsonOluwashola\.m2\repository\org\aspectj\aspectjweaver\1.9.1\aspectjweaver-1.9.1.jar;C:\Users\SamsonOluwashola\.m2\repository\org\slf4j\slf4j-api\1.7.25\slf4j-api-1.7.25.jar;C:\Users\SamsonOluwashola\.m2\repository\org\testng\testng\6.9.10\testng-6.9.10.jar;C:\Users\SamsonOluwashola\.m2\repository\com\beust\jcommander\1.48\jcommander-1.48.jar;C:\Users\SamsonOluwashola\.m2\repository\org\beanshell\bsh\2.0b4\bsh-2.0b4.jar;C:\Users\SamsonOluwashola\.m2\repository\org\seleniumhq\selenium\selenium-java\3.141.59\selenium-java-3.141.59.jar;C:\Users\SamsonOluwashola\.m2\repository\org\seleniumhq\selenium\selenium-chrome-driver\3.141.59\selenium-chrome-driver-3.141.59.jar;C:\Users\SamsonOluwashola\.m2\repository\org\seleniumhq\selenium\selenium-edge-driver\3.141.59\selenium-edge-driver-3.141.59.jar;C:\Users\SamsonOluwashola\.m2\repository\org\seleniumhq\selenium\selenium-firefox-driver\3.141.59\selenium-firefox-driver-3.141.59.jar;C:\Users\SamsonOluwashola\.m2\repository\org\seleniumhq\selenium\selenium-ie-driver\3.141.59\selenium-ie-driver-3.141.59.jar;C:\Users\SamsonOluwashola\.m2\repository\org\seleniumhq\selenium\selenium-opera-driver\3.141.59\selenium-opera-driver-3.141.59.jar;C:\Users\SamsonOluwashola\.m2\repository\org\seleniumhq\selenium\selenium-remote-driver\3.141.59\selenium-remote-driver-3.141.59.jar;C:\Users\SamsonOluwashola\.m2\repository\org\seleniumhq\selenium\selenium-safari-driver\3.141.59\selenium-safari-driver-3.141.59.jar;C:\Users\SamsonOluwashola\.m2\repository\net\bytebuddy\byte-buddy\1.8.15\byte-buddy-1.8.15.jar;C:\Users\SamsonOluwashola\.m2\repository\org\apache\commons\commons-exec\1.3\commons-exec-1.3.jar;C:\Users\SamsonOluwashola\.m2\repository\com\google\guava\guava\25.0-jre\guava-25.0-jre.jar;C:\Users\SamsonOluwashola\.m2\repository\com\google\code\findbugs\jsr305\1.3.9\jsr305-1.3.9.jar;C:\Users\SamsonOluwashola\.m2\repository\org\checkerframework\checker-compat-qual\2.0.0\checker-compat-qual-2.0.0.jar;C:\Users\SamsonOluwashola\.m2\repository\com\google\errorprone\error_prone_annotations\2.1.3\error_prone_annotations-2.1.3.jar;C:\Users\SamsonOluwashola\.m2\repository\com\google\j2objc\j2objc-annotations\1.1\j2objc-annotations-1.1.jar;C:\Users\SamsonOluwashola\.m2\repository\org\codehaus\mojo\animal-sniffer-annotations\1.14\animal-sniffer-annotations-1.14.jar;C:\Users\SamsonOluwashola\.m2\repository\com\squareup\okhttp3\okhttp\3.11.0\okhttp-3.11.0.jar;C:\Users\SamsonOluwashola\.m2\repository\com\squareup\okio\okio\1.14.0\okio-1.14.0.jar;C:\Users\SamsonOluwashola\.m2\repository\io\cucumber\cucumber-java\4.5.4\cucumber-java-4.5.4.jar;C:\Users\SamsonOluwashola\.m2\repository\io\cucumber\cucumber-core\4.5.4\cucumber-core-4.5.4.jar;C:\Users\SamsonOluwashola\.m2\repository\io\cucumber\gherkin\5.1.0\gherkin-5.1.0.jar;C:\Users\SamsonOluwashola\.m2\repository\io\cucumber\tag-expressions\1.1.1\tag-expressions-1.1.1.jar;C:\Users\SamsonOluwashola\.m2\repository\io\cucumber\cucumber-expressions\7.0.2\cucumber-expressions-7.0.2.jar;C:\Users\SamsonOluwashola\.m2\repository\io\cucumber\datatable\1.1.14\datatable-1.1.14.jar;C:\Users\SamsonOluwashola\.m2\repository\io\cucumber\datatable-dependencies\1.1.14\datatable-dependencies-1.1.14.jar;C:\Users\SamsonOluwashola\.m2\repository\org\apiguardian\apiguardian-api\1.1.0\apiguardian-api-1.1.0.jar;C:\Users\SamsonOluwashola\.m2\repository\io\cucumber\cucumber-testng\4.5.4\cucumber-testng-4.5.4.jar;C:\Users\SamsonOluwashola\.m2\repository\com\vimalselvam\cucumber-extentsreport\3.1.1\cucumber-extentsreport-3.1.1.jar;C:\Users\SamsonOluwashola\.m2\repository\com\aventstack\extentreports\4.0.9\extentreports-4.0.9.jar;C:\Users\SamsonOluwashola\.m2\repository\org\freemarker\freemarker\2.3.23\freemarker-2.3.23.jar;C:\Users\SamsonOluwashola\.m2\repository\org\mongodb\mongodb-driver\3.3.0\mongodb-driver-3.3.0.jar;C:\Users\SamsonOluwashola\.m2\repository\org\mongodb\mongodb-driver-core\3.3.0\mongodb-driver-core-3.3.0.jar;C:\Users\SamsonOluwashola\.m2\repository\org\mongodb\bson\3.3.0\bson-3.3.0.jar;C:\Users\SamsonOluwashola\.m2\repository\org\apache\httpcomponents\httpmime\4.5.2\httpmime-4.5.2.jar;C:\Users\SamsonOluwashola\.m2\repository\com\relevantcodes\extentreports\2.41.1\extentreports-2.41.1.jar;C:\Users\SamsonOluwashola\.m2\repository\org\jsoup\jsoup\1.8.3\jsoup-1.8.3.jar;C:\Users\SamsonOluwashola\.m2\repository\org\xerial\sqlite-jdbc\3.8.11.1\sqlite-jdbc-3.8.11.1.jar;C:\Users\SamsonOluwashola\.m2\repository\log4j\log4j\1.2.17\log4j-1.2.17.jar;C:\Users\SamsonOluwashola\.m2\repository\info\cukes\gherkin\2.12.2\gherkin-2.12.2.jar;"/>
    <property name="sun.cpu.endian" value="little"/>
    <property name="user.home" value="C:\Users\SamsonOluwashola"/>
    <property name="user.language" value="en"/>
    <property name="java.specification.vendor" value="Oracle Corporation"/>
    <property name="java.home" value="C:\Program Files\Java\jdk1.8.0_171\jre"/>
    <property name="basedir" value="C:\Users\SamsonOluwashola\eclipseAppium-workspace\sca-automate-mobileApp"/>
    <property name="file.separator" value="\"/>
    <property name="line.separator" value="&#10;"/>
    <property name="java.vm.specification.vendor" value="Oracle Corporation"/>
    <property name="java.specification.name" value="Java Platform API Specification"/>
    <property name="java.awt.graphicsenv" value="sun.awt.Win32GraphicsEnvironment"/>
    <property name="surefire.real.class.path" value="C:\Users\SamsonOluwashola\AppData\Local\Temp\surefire6615424544356737706\surefirebooter74405330033537354.jar"/>
    <property name="sun.boot.class.path" value="C:\Program Files\Java\jdk1.8.0_171\jre\lib\resources.jar;C:\Program Files\Java\jdk1.8.0_171\jre\lib\rt.jar;C:\Program Files\Java\jdk1.8.0_171\jre\lib\sunrsasign.jar;C:\Program Files\Java\jdk1.8.0_171\jre\lib\jsse.jar;C:\Program Files\Java\jdk1.8.0_171\jre\lib\jce.jar;C:\Program Files\Java\jdk1.8.0_171\jre\lib\charsets.jar;C:\Program Files\Java\jdk1.8.0_171\jre\lib\jfr.jar;C:\Program Files\Java\jdk1.8.0_171\jre\classes"/>
    <property name="user.script" value=""/>
    <property name="sun.management.compiler" value="HotSpot 64-Bit Tiered Compilers"/>
    <property name="java.runtime.version" value="1.8.0_171-b11"/>
    <property name="user.name" value="SamsonOluwashola"/>
    <property name="path.separator" value=";"/>
    <property name="os.version" value="10.0"/>
    <property name="java.endorsed.dirs" value="C:\Program Files\Java\jdk1.8.0_171\jre\lib\endorsed"/>
    <property name="java.runtime.name" value="Java(TM) SE Runtime Environment"/>
    <property name="file.encoding" value="Cp1252"/>
    <property name="java.vm.name" value="Java HotSpot(TM) 64-Bit Server VM"/>
    <property name="localRepository" value="C:\Users\SamsonOluwashola\.m2\repository"/>
    <property name="java.vendor.url.bug" value="http://bugreport.sun.com/bugreport/"/>
    <property name="java.io.tmpdir" value="C:\Users\SAMSON~1\AppData\Local\Temp\"/>
    <property name="java.version" value="1.8.0_171"/>
    <property name="user.dir" value="C:\Users\SamsonOluwashola\eclipseAppium-workspace\sca-automate-mobileApp"/>
    <property name="os.arch" value="amd64"/>
    <property name="java.vm.specification.name" value="Java Virtual Machine Specification"/>
    <property name="java.awt.printerjob" value="sun.awt.windows.WPrinterJob"/>
    <property name="sun.os.patch.level" value=""/>
    <property name="java.library.path" value="C:\Program Files\Java\jdk1.8.0_171\jre\bin;C:\WINDOWS\Sun\Java\bin;C:\WINDOWS\system32;C:\WINDOWS;C:/Program Files/Java/jre1.8.0_191/bin/server;C:/Program Files/Java/jre1.8.0_191/bin;C:/Program Files/Java/jre1.8.0_191/lib/amd64;C:\Program Files (x86)\Python37-32\Scripts\;C:\Program Files (x86)\Python37-32\;C:\Program Files (x86)\Common Files\Oracle\Java\javapath;C:\ProgramData\Oracle\Java\javapath;C:\WINDOWS\system32;C:\WINDOWS;C:\WINDOWS\System32\Wbem;C:\WINDOWS\System32\WindowsPowerShell\v1.0\;C:\Program Files (x86)\Microsoft ASP.NET\ASP.NET Web Pages\v1.0\;C:\Program Files\Microsoft SQL Server\110\Tools\Binn\;C:\Program Files\Microsoft VS Code\bin;C:\Program Files\dotnet\;C:\Program Files\Microsoft SQL Server\130\Tools\Binn\;C:\Program Files\Git\cmd;C:\WINDOWS\System32\OpenSSH\;C:\Program Files (x86)\Yarn\bin\;C:\Users\SamsonOluwashola\AppData\Roaming\nvm;C:\Program Files\nodejs;C:\Program Files (x86)\Brackets\command;C:\Users\SamsonOluwashola\Downloads\apache-jmeter-5.0 (1)\apache-jmeter-5.0\bin\;C:\WINDOWS\system32;C:\Users\SamsonOluwashola\Downloads\eclipse-java-neon-3-win32-x86_64\eclipse\plugins\org.apache.ant_1.9.6.v201510161327\bin;C:\Users\SamsonOluwashola\Downloads\eclipse-java-neon-3-win32-x86_64\eclipse\plugins\org.apache.ant_1.9.6.v201510161327\bin\;C:\Program Files\apache-maven-3.6.0\bin;C:\Program Files (x86)\GitExtensions\;C:\ProgramData\chocolatey\bin;C:\Program Files\nodejs\;%JAVA_HOME\bin;C:\Users\SamsonOluwashola\AppData\Local\Android\Sdk\tools\bin;C:\Users\SamsonOluwashola\AppData\Local\Android\Sdk\tools;C:\Users\SamsonOluwashola\AppData\Local\Android\Sdk\platform-tools;C:\Users\SamsonOluwashola\AppData\Local\Android\Sdk\emulator\bin64;C:\Users\SamsonOluwashola\AppData\Local\Android\Sdk\emulator;C:\Program Files\apache-maven-3.6.0\bin;C:\Program Files (x86)\Microsoft Emulator Manager\1.0\;C:\Program Files\Intel\WiFi\bin\;C:\Program Files\Common Files\Intel\WirelessCommon\;C:\Program Files\NVIDIA Corporation\NVIDIA NvDLISR;C:\Users\SamsonOluwashola\AppData\Local\Programs\Python\Python37\Scripts\;C:\Users\SamsonOluwashola\AppData\Local\Programs\Python\Python37\;C:\Users\SamsonOluwashola\AppData\Local\Microsoft\WindowsApps;C:\Users\SamsonOluwashola\Downloads\python-3.6.0-embed-win32;C:\Program Files\Git\bin;C:\Users\SamsonOluwashola\AppData\Local\Yarn\bin;C:\Users\SamsonOluwashola\AppData\Roaming\nvm;C:\Program Files\nodejs;C:\Users\SamsonOluwashola\Downloads\apache-jmeter-5.0 (1)\apache-jmeter-5.0\bin;C:\WINDOWS\system32;C:\Users\SamsonOluwashola\Downloads\eclipse-java-neon-3-win32-x86_64\eclipse\plugins\org.apache.ant_1.9.6.v201510161327\bin;C:\Program Files\Java\jdk1.8.0_171\bin;;C:\Users\SamsonOluwashola\AppData\Local\Programs\Microsoft VS Code\bin;C:\Users\SamsonOluwashola\AppData\Roaming\npm;C:\Users\SamsonOluwashola\Downloads\eclipse-jee-2019-06-R-win32-x86_64\eclipse;;."/>
    <property name="java.vm.info" value="mixed mode"/>
    <property name="java.vendor" value="Oracle Corporation"/>
    <property name="java.vm.version" value="25.171-b11"/>
    <property name="java.ext.dirs" value="C:\Program Files\Java\jdk1.8.0_171\jre\lib\ext;C:\WINDOWS\Sun\Java\lib\ext"/>
    <property name="sun.io.unicode.encoding" value="UnicodeLittle"/>
    <property name="java.class.version" value="52.0"/>
  </properties>
  <testcase name="(testRunner.CalculatorRunnerTest)" classname="testRunner.CalculatorRunnerTest" time="25.869"/>
</testsuite>