<?xml version="1.0" encoding="UTF-8"?>
<!-- Generated by org.testng.reporters.JUnitReportReporter -->
<testsuite hostname="Sam-workstation" name="testRunner.CalculatorRunnerTest" tests="1" failures="0" timestamp="18 Jul 2019 05:34:41 GMT" time="26.720" errors="0">
  <testcase name="runScenario" time="26.720" classname="testRunner.CalculatorRunnerTest"/>
</testsuite> <!-- testRunner.CalculatorRunnerTest -->
